
=== Tue Mar 25 12:11:19 2025

Packages were changed.
Update Mode: updateDependencies

The following packages were updated:
  com.unity.collab-proxy from version 2.2.0 to 2.5.1
  com.unity.ide.rider from version 3.0.27 to 3.0.31
  com.unity.render-pipelines.universal from version 14.0.8 to 14.0.11
  com.unity.visualscripting from version 1.9.1 to 1.9.4
  com.unity.xr.interaction.toolkit from version 2.5.2 to 2.6.3
  com.unity.xr.openxr from version 1.10.0 to 1.12.1

=== Tue May  6 12:36:19 2025

Packages were changed.
Update Mode: updateDependencies

The following packages were updated:
  com.unity.postprocessing from version 3.2.2 to 3.4.0

=== Tue May  6 12:36:19 2025

Packages were changed.
Update Mode: mergeDefaultDependencies

The following packages were added:
  com.unity.postprocessing@3.4.0
  com.unity.progrids@3.0.3-preview.6
